<?xml version="1.0" encoding="utf-8"?><testsuites><testsuite name="pytest" errors="1" failures="0" skipped="0" tests="1" time="0.221" timestamp="2024-03-11T19:10:36.936692" hostname="OLI-OMEN"><testcase classname="" name="tests.test_whisperx" time="0.000"><error message="collection failure">ImportError while importing test module '/media/olivier/Extreme 500/dev/kairntech/pyconverters_whisperx/tests/test_whisperx.py'.
Hint: make sure your test modules/packages have valid Python names.
Traceback:
../../../.pyenv/versions/3.8.2/lib/python3.8/importlib/__init__.py:127: in import_module
    return _bootstrap._gcd_import(name[level:], package, level)
tests/test_whisperx.py:7: in &lt;module&gt;
    from pyconverters_whisperx.whisperx import (
.tox/report/lib/python3.8/site-packages/pyconverters_whisperx/whisperx.py:17: in &lt;module&gt;
    from pydub import AudioSegment
E   ModuleNotFoundError: No module named 'pydub'</error></testcase></testsuite></testsuites>